2026-07-23T19:51:33Z INFO automation_started Worker Test: discovery started
2026-07-23T19:51:33Z INFO automation_submitted Worker Test: confirmation submitted
2026-07-23T19:51:33Z INFO automation_started Worker Test: discovery started
2026-07-23T19:51:33Z INFO automation_confirmed Worker Test: confirmation confirmed
2026-07-23T19:51:33Z INFO automation_started Worker Test: discovery started
2026-07-23T19:51:33Z INFO automation_failed Worker Test: tracking failed
2026-07-23T19:51:33Z INFO automation_started Worker Test: discovery started
2026-07-23T19:51:33Z INFO automation_needs_review Worker Test: tracking needs_review
2026-07-23T19:51:34Z INFO failure_diagnostics_cleared Cleared 1 older failure diagnostic(s)
2026-07-23T19:51:34Z INFO automation_started Worker Test: discovery started
2026-07-23T19:51:34Z INFO automation_failed Worker Test: tracking failed
2026-07-23T19:51:34Z INFO automation_no_match Worker Test: tracking no_match
2026-07-23T19:51:34Z INFO automation_bulk_action archive_unmanageable applied to 1 selected request(s)
2026-07-23T19:51:34Z INFO automation_started Worker Test: tracking started
2026-07-23T19:51:34Z INFO automation_retried Request 1 requeued after review: queued
2026-07-23T19:51:34Z INFO automation_started Worker Test: tracking started
2026-07-23T19:51:34Z INFO automation_bulk_action manual applied to 0 selected request(s)
2026-07-23T19:51:35Z INFO browser_worker_control Browser worker start requested: starting
2026-07-23T19:51:35Z INFO http POST /automation/worker/start 303 2ms
2026-07-23T19:51:35Z INFO http GET /automation 200 29ms
2026-07-23T19:51:35Z INFO browser_worker_control Browser worker restart requested: restarting
2026-07-23T19:51:35Z INFO http POST /automation/worker/restart 303 1ms
2026-07-23T19:51:35Z INFO http GET /automation 200 3ms
2026-07-23T19:51:35Z INFO browser_worker_control Browser worker stop requested: stopping
2026-07-23T19:51:35Z INFO http POST /automation/worker/stop 303 1ms
2026-07-23T19:51:35Z INFO http GET /automation 200 3ms
2026-07-23T19:51:35Z INFO http POST /automation/worker/start 503 0ms
2026-07-23T19:51:35Z INFO http GET /automation 200 3ms
2026-07-23T19:51:35Z INFO http POST /automation/bulk 303 1ms
2026-07-23T19:51:35Z INFO http GET /automation 200 3ms
2026-07-23T19:51:35Z INFO automation_started Worker Test: tracking started
2026-07-23T19:51:35Z INFO automation_bulk_action run applied to 1 selected request(s)
2026-07-23T19:51:35Z INFO http POST /automation/bulk 303 11ms
2026-07-23T19:51:35Z INFO automation_started Worker Test: tracking started
2026-07-23T19:51:35Z INFO automation_bulk_action run applied to 1 selected request(s)
2026-07-23T19:51:35Z INFO http POST /automation/bulk 303 7ms
2026-07-23T19:51:35Z INFO browser_worker_started Browser worker and Chromium online; 0 interrupted job(s) recovered
2026-07-23T19:51:35Z INFO automation_started Worker Test: discovery started
2026-07-23T19:51:35Z INFO automation_submitted Worker Test: confirmation submitted
2026-07-23T19:51:40Z INFO browser_worker_failed RuntimeError: Chromium executable missing
2026-07-23T19:51:40Z INFO browser_worker_failed RuntimeError: queue migration failed
2026-07-23T19:51:40Z INFO browser_worker_started Browser worker and Chromium online; 0 interrupted job(s) recovered
2026-07-23T19:51:40Z INFO plan_created Prepared 14 privacy tasks
2026-07-23T19:51:40Z INFO catalog_audited 15 healthy, 0 changed, 0 unavailable; 14 tasks added
2026-07-23T19:51:40Z INFO catalog_audited 15 healthy, 0 changed, 0 unavailable; 0 tasks added
2026-07-23T19:51:40Z INFO catalog_audited 0 healthy, 15 changed, 0 unavailable; 0 tasks added
2026-07-23T19:51:41Z INFO profile_resurfaced Spokeo public listing may have reappeared
2026-07-23T19:51:42Z INFO new_exposures Checked 1 email address(es); 1 new exposure(s)
2026-07-23T19:51:44Z INFO exposures_checked Checked 1 email address(es); 0 new exposure(s)
2026-07-23T19:51:44Z INFO automation_submitted Example Data: submission submitted
2026-07-23T19:51:44Z INFO automation_matched Spokeo: matching matched
2026-07-23T19:51:44Z INFO automation_blocked Spokeo: captcha blocked
2026-07-23T19:51:45Z INFO plan_created Prepared 14 privacy tasks
2026-07-23T19:51:45Z INFO plan_created Prepared 14 privacy tasks
2026-07-23T19:51:45Z INFO http GET / 200 10ms
2026-07-23T19:51:45Z INFO http GET /help-needed 200 3ms
2026-07-23T19:51:45Z INFO http GET / 200 5ms
2026-07-23T19:51:45Z INFO test_activity email=[REDACTED] token=[REDACTED]
2026-07-23T19:51:45Z INFO http GET /automation/logs/download 200 0ms
2026-07-23T19:51:45Z INFO automation_started Worker Test: discovery started
2026-07-23T19:51:45Z INFO automation_failed Worker Test: tracking failed
2026-07-23T19:51:45Z INFO automation_started Worker Test: discovery started
2026-07-23T19:51:45Z INFO automation_failed Worker Test: tracking failed
2026-07-23T19:51:45Z INFO automation_started Worker Test: discovery started
2026-07-23T19:51:45Z INFO automation_submitted Worker Test: confirmation submitted
2026-07-23T19:51:45Z INFO parent_settings_updated Trusted helper and notification preferences updated
2026-07-23T19:51:45Z INFO http POST /settings 303 3ms
2026-07-23T19:51:45Z INFO backup_created datasniper-backup-20260723-195145.zip
